[0.000][INFO]:      ChromeDriver 20.0.1133.0 /usr/local/bin/chromedriver
[0.577][FINE]:      Initializing session with capabilities {
   "browserName": "chrome",
   "chrome.switches": [  ],
   "chromeOptions": {
      "args": [  ],
      "extensions": [  ]
   },
   "platform": "ANY",
   "version": ""
}

[0.577][INFO]:      Launching chrome: /Applications/Google Chrome.app/Contents/MacOS/Google Chrome --disable-hang-monitor --disable-prompt-on-repost --dom-automation --full-memory-crash-report --no-default-browser-check --no-first-run --ignore-certificate-errors --homepage=about:blank
[1.016][INFO]:      Connected to Chrome successfully. Version: 19.0.1084.52
[1.027][FINE]:      Command received (/session/d785c0583a472c9bb7c2cb196d22e3c4)
[1.028][FINE]:      Command finished (/session/d785c0583a472c9bb7c2cb196d22e3c4) with response {
   "sessionId": "d785c0583a472c9bb7c2cb196d22e3c4",
   "status": 0,
   "value": {
      "acceptSslCerts": false,
      "applicationCacheEnabled": false,
      "browserConnectionEnabled": false,
      "browserName": "chrome",
      "chrome.chromedriverVersion": "20.0.1133.0",
      "chrome.nativeEvents": false,
      "cssSelectorsEnabled": true,
      "databaseEnabled": false,
      "handlesAlerts": true,
      "javascriptEnabled": true,
      "locationContextEnabled": false,
      "nativeEvents": true,
      "platform": "mac",
      "rotatable": false,
      "takesScreenshot": true,
      "version": "19.0.1084.52",
      "webStorageEnabled": true
   }
}

[1.039][FINE]:      Command received (/session/d785c0583a472c9bb7c2cb196d22e3c4/url) with params {
   "url": "http://ote.retail.melbourneit.com.au"
}

[1.039][FINER]:     Waiting for all views to stop loading...
[1.039][FINER]:     Done waiting for all views to stop loading
[7.471][FINER]:     Waiting for all views to stop loading...
[7.475][FINER]:     Done waiting for all views to stop loading
[7.475][FINE]:      Command finished (/session/d785c0583a472c9bb7c2cb196d22e3c4/url) with response {
   "sessionId": "d785c0583a472c9bb7c2cb196d22e3c4",
   "status": 0,
   "value": {

   }
}

[7.511][FINE]:      Command received (/session/d785c0583a472c9bb7c2cb196d22e3c4/window_handle)
[7.511][FINER]:     Waiting for all views to stop loading...
[7.511][FINER]:     Done waiting for all views to stop loading
[7.511][FINER]:     Waiting for all views to stop loading...
[7.511][FINER]:     Done waiting for all views to stop loading
[7.511][FINE]:      Command finished (/session/d785c0583a472c9bb7c2cb196d22e3c4/window_handle) with response {
   "sessionId": "d785c0583a472c9bb7c2cb196d22e3c4",
   "status": 0,
   "value": "f1-2"
}

[7.570][FINE]:      Command received (/session/d785c0583a472c9bb7c2cb196d22e3c4/url) with params {
   "url": "http://ote.retail.melbourneit.com.au"
}

[7.570][FINER]:     Waiting for all views to stop loading...
[7.570][FINER]:     Done waiting for all views to stop loading
[9.516][FINER]:     Waiting for all views to stop loading...
[9.517][FINER]:     Done waiting for all views to stop loading
[9.517][FINE]:      Command finished (/session/d785c0583a472c9bb7c2cb196d22e3c4/url) with response {
   "sessionId": "d785c0583a472c9bb7c2cb196d22e3c4",
   "status": 0,
   "value": {

   }
}

[9.523][FINE]:      Command received (/session/d785c0583a472c9bb7c2cb196d22e3c4/execute) with params {
   "args": [  ],
   "script": "if (window.__webdriverAlerts) { return; } window.__webdriverAlerts = []; window.alert = function(..."
}

[9.523][FINER]:     Waiting for all views to stop loading...
[9.523][FINER]:     Done waiting for all views to stop loading
[9.528][FINER]:     Waiting for all views to stop loading...
[9.528][FINER]:     Done waiting for all views to stop loading
[9.528][FINE]:      Command finished (/session/d785c0583a472c9bb7c2cb196d22e3c4/execute) with response {
   "sessionId": "d785c0583a472c9bb7c2cb196d22e3c4",
   "status": 0,
   "value": null
}

[9.543][FINE]:      Command received (/session/d785c0583a472c9bb7c2cb196d22e3c4/execute) with params {
   "args": [ "nameid" ],
   "script": "return (function() { return (function(){return function(){function g(a){throw a;}var j=void 0,k=!..."
}

[9.543][FINER]:     Waiting for all views to stop loading...
[9.543][FINER]:     Done waiting for all views to stop loading
[9.553][FINER]:     Waiting for all views to stop loading...
[9.553][FINER]:     Done waiting for all views to stop loading
[9.553][FINE]:      Command finished (/session/d785c0583a472c9bb7c2cb196d22e3c4/execute) with response {
   "sessionId": "d785c0583a472c9bb7c2cb196d22e3c4",
   "status": 0,
   "value": {
      "ELEMENT": ":wdc:1338009359226"
   }
}

[9.561][FINE]:      Command received (/session/d785c0583a472c9bb7c2cb196d22e3c4/element/:wdc:1338009359226/name)
[9.561][FINER]:     Waiting for all views to stop loading...
[9.562][FINER]:     Done waiting for all views to stop loading
[9.568][FINER]:     Waiting for all views to stop loading...
[9.568][FINER]:     Done waiting for all views to stop loading
[9.568][FINE]:      Command finished (/session/d785c0583a472c9bb7c2cb196d22e3c4/element/:wdc:1338009359226/name) with response {
   "sessionId": "d785c0583a472c9bb7c2cb196d22e3c4",
   "status": 0,
   "value": "input"
}

[9.570][FINE]:      Command received (/session/d785c0583a472c9bb7c2cb196d22e3c4/element/:wdc:1338009359226/attribute/type)
[9.570][FINER]:     Waiting for all views to stop loading...
[9.571][FINER]:     Done waiting for all views to stop loading
[9.577][FINER]:     Waiting for all views to stop loading...
[9.577][FINER]:     Done waiting for all views to stop loading
[9.578][FINE]:      Command finished (/session/d785c0583a472c9bb7c2cb196d22e3c4/element/:wdc:1338009359226/attribute/type) with response {
   "sessionId": "d785c0583a472c9bb7c2cb196d22e3c4",
   "status": 0,
   "value": "text"
}

[9.583][FINE]:      Command received (/session/d785c0583a472c9bb7c2cb196d22e3c4/execute) with params {
   "args": [ {
      "ELEMENT": ":wdc:1338009359226"
   }, "foobar" ],
   "script": "return (function() { return (function(){return function(){function h(a){throw a;}var j=void 0,k=!..."
}

[9.583][FINER]:     Waiting for all views to stop loading...
[9.583][FINER]:     Done waiting for all views to stop loading
[9.594][FINER]:     Waiting for all views to stop loading...
[9.594][FINER]:     Done waiting for all views to stop loading
[9.594][FINE]:      Command finished (/session/d785c0583a472c9bb7c2cb196d22e3c4/execute) with response {
   "sessionId": "d785c0583a472c9bb7c2cb196d22e3c4",
   "status": 0,
   "value": null
}

[19.598][FINE]:     Command received (/session/d785c0583a472c9bb7c2cb196d22e3c4)
